TN:
SF:client/src/components/reviews/Reviews.jsx
FN:8,(anonymous_0)
FN:20,(anonymous_1)
FN:26,(anonymous_2)
FN:33,(anonymous_3)
FN:37,(anonymous_4)
FN:42,(anonymous_5)
FN:45,(anonymous_6)
FN:50,(anonymous_7)
FNF:8
FNH:3
FNDA:1,(anonymous_0)
FNDA:1,(anonymous_1)
FNDA:0,(anonymous_2)
FNDA:0,(anonymous_3)
FNDA:1,(anonymous_4)
FNDA:0,(anonymous_5)
FNDA:0,(anonymous_6)
FNDA:0,(anonymous_7)
DA:9,1
DA:11,1
DA:17,1
DA:21,1
DA:26,0
DA:34,0
DA:38,1
DA:43,0
DA:46,0
DA:51,0
DA:62,1
LF:11
LH:6
BRDA:12,0,0,1
BRDA:12,0,1,0
BRF:2
BRH:1
end_of_record
TN:
SF:client/src/components/reviews/breakdown/Breakdown.jsx
FN:9,(anonymous_0)
FN:16,(anonymous_1)
FN:27,(anonymous_2)
FNF:3
FNH:3
FNDA:1,(anonymous_0)
FNDA:1,(anonymous_1)
FNDA:1,(anonymous_2)
DA:10,1
DA:11,1
DA:17,1
DA:28,1
DA:29,1
DA:30,1
DA:31,0
DA:32,0
DA:34,1
DA:39,1
LF:10
LH:8
BRF:0
BRH:0
end_of_record
TN:
SF:client/src/components/reviews/breakdown/CustomerComments.jsx
FN:5,(anonymous_0)
FN:12,(anonymous_1)
FNF:2
FNH:2
FNDA:1,(anonymous_0)
FNDA:1,(anonymous_1)
DA:6,1
DA:7,1
DA:13,1
DA:20,1
LF:4
LH:4
BRF:0
BRH:0
end_of_record
TN:
SF:client/src/components/reviews/breakdown/RatingDisplay.jsx
FN:5,(anonymous_0)
FN:9,(anonymous_1)
FN:28,(anonymous_2)
FNF:3
FNH:2
FNDA:1,(anonymous_0)
FNDA:1,(anonymous_1)
FNDA:0,(anonymous_2)
DA:6,1
DA:10,1
DA:11,1
DA:12,1
DA:13,0
DA:14,0
DA:15,0
DA:16,0
DA:17,0
DA:20,1
DA:22,1
DA:29,0
DA:40,1
LF:13
LH:7
BRDA:15,0,0,0
BRDA:15,0,1,0
BRDA:15,1,0,0
BRDA:15,1,1,0
BRF:4
BRH:0
end_of_record
TN:
SF:client/src/components/reviews/breakdown/Reccomendation.jsx
FN:5,(anonymous_0)
FN:9,(anonymous_1)
FN:18,(anonymous_2)
FNF:3
FNH:3
FNDA:1,(anonymous_0)
FNDA:1,(anonymous_1)
FNDA:1,(anonymous_2)
DA:6,1
DA:10,1
DA:19,1
DA:20,0
DA:21,0
DA:22,0
DA:24,1
DA:30,1
LF:8
LH:5
BRDA:19,0,0,0
BRDA:19,0,1,1
BRF:2
BRH:1
end_of_record
TN:
SF:client/src/components/reviews/breakdown/star-distribution/IndividualStarDistribution.jsx
FN:5,(anonymous_0)
FN:9,(anonymous_1)
FNF:2
FNH:0
FNDA:0,(anonymous_0)
FNDA:0,(anonymous_1)
DA:6,0
DA:10,0
DA:11,0
DA:22,1
LF:4
LH:1
BRF:0
BRH:0
end_of_record
TN:
SF:client/src/components/reviews/breakdown/star-distribution/StarDistribution.jsx
FN:6,(anonymous_0)
FN:10,(anonymous_1)
FN:16,(anonymous_2)
FN:23,(anonymous_3)
FNF:4
FNH:2
FNDA:1,(anonymous_0)
FNDA:1,(anonymous_1)
FNDA:0,(anonymous_2)
FNDA:0,(anonymous_3)
DA:7,1
DA:11,1
DA:12,1
DA:14,0
DA:17,0
DA:24,0
DA:25,0
DA:26,0
DA:28,0
DA:33,1
LF:10
LH:4
BRDA:11,0,0,1
BRDA:11,0,1,0
BRF:2
BRH:1
end_of_record
TN:
SF:client/src/components/reviews/customerReviews/AddReviewModle.jsx
FN:6,(anonymous_0)
FN:10,(anonymous_1)
FN:30,(anonymous_2)
FN:46,(anonymous_3)
FN:49,(anonymous_4)
FNF:5
FNH:2
FNDA:1,(anonymous_0)
FNDA:1,(anonymous_1)
FNDA:0,(anonymous_2)
FNDA:0,(anonymous_3)
FNDA:0,(anonymous_4)
DA:7,1
DA:11,1
DA:12,0
DA:27,1
DA:31,0
DA:32,0
DA:33,0
DA:34,0
DA:35,0
DA:36,0
DA:37,0
DA:40,0
DA:41,0
DA:47,0
DA:50,0
DA:55,1
LF:16
LH:4
BRDA:11,0,0,0
BRDA:11,0,1,1
BRF:2
BRH:1
end_of_record
TN:
SF:client/src/components/reviews/customerReviews/CustomerReviews.jsx
FN:8,(anonymous_0)
FN:17,(anonymous_1)
FNF:2
FNH:2
FNDA:1,(anonymous_0)
FNDA:1,(anonymous_1)
DA:9,1
DA:10,1
DA:18,1
DA:30,1
LF:4
LH:4
BRF:0
BRH:0
end_of_record
TN:
SF:client/src/components/reviews/customerReviews/ReviewCount.jsx
FN:5,(anonymous_0)
FN:12,(anonymous_1)
FNF:2
FNH:2
FNDA:1,(anonymous_0)
FNDA:1,(anonymous_1)
DA:6,1
DA:7,1
DA:13,1
DA:31,1
LF:4
LH:4
BRF:0
BRH:0
end_of_record
TN:
SF:client/src/components/reviews/customerReviews/ReviewInteractions.jsx
FN:6,(anonymous_0)
FN:14,(anonymous_1)
FN:19,(anonymous_2)
FN:20,(anonymous_3)
FN:25,(anonymous_4)
FNF:5
FNH:2
FNDA:1,(anonymous_0)
FNDA:1,(anonymous_1)
FNDA:0,(anonymous_2)
FNDA:0,(anonymous_3)
FNDA:0,(anonymous_4)
DA:7,1
DA:8,1
DA:15,1
DA:19,0
DA:20,0
DA:26,0
DA:33,1
LF:7
LH:4
BRF:0
BRH:0
end_of_record
TN:
SF:client/src/components/reviews/customerReviews/reviewList/ReviewList.jsx
FN:5,(anonymous_0)
FN:12,(anonymous_1)
FNF:2
FNH:2
FNDA:1,(anonymous_0)
FNDA:1,(anonymous_1)
DA:6,1
DA:7,1
DA:13,1
DA:22,1
LF:4
LH:4
BRF:0
BRH:0
end_of_record
